<?xml version="1.0" encoding="UTF-8"?>
<!-- Generated by org.testng.reporters.JUnitXMLReporter -->
<testsuite hostname="DESKTOP-TG3D4HK" ignored="0" name="Default test" tests="10" failures="0" timestamp="2021-10-15T13:00:39 IST" time="73.248" errors="0">
  <testcase name="browser_lanuch" time="25.478" classname="org.testNG.TestNG_Runner"/>
  <testcase name="home_page" time="5.472" classname="org.testNG.TestNG_Runner"/>
  <testcase name="evening_dress" time="5.085" classname="org.testNG.TestNG_Runner"/>
  <testcase name="printed_dress" time="7.197" classname="org.testNG.TestNG_Runner"/>
  <testcase name="summary" time="5.258" classname="org.testNG.TestNG_Runner"/>
  <testcase name="sign_in" time="7.147" classname="org.testNG.TestNG_Runner"/>
  <testcase name="address" time="2.754" classname="org.testNG.TestNG_Runner"/>
  <testcase name="shipping" time="1.901" classname="org.testNG.TestNG_Runner"/>
  <testcase name="payment" time="8.894" classname="org.testNG.TestNG_Runner"/>
  <testcase name="browser_close" time="0.328" classname="org.testNG.TestNG_Runner"/>
</testsuite> <!-- Default test -->
