<?xml version="1.0" encoding="UTF-8"?>
<testsuite xmlns:xsi="http://www.w3.org/2001/XMLSchema-instance" xsi:noNamespaceSchemaLocation="https://maven.apache.org/surefire/maven-surefire-plugin/xsd/surefire-test-report.xsd" name="org.test_runner.Test_Runner" time="66.106" tests="27" errors="0" skipped="0" failures="0">
  <properties>
[...]
</properties>
  <testcase name="Given user Launch The Appliction" classname="Scenario: Open The Site Page" time="0.003"/>
  <testcase name="When user Move to Cursor Women Section" classname="Scenario: Open The Site Page" time="0"/>
  <testcase name="Then user Under Click Evening Dress and Navigate to dress page" classname="Scenario: Open The Site Page" time="0"/>
  <testcase name="Scenario: Open The Site Page" classname="Scenario: Open The Site Page" time="0"/>
  <testcase name="When user Move to Cursor Dress Item" classname="Scenario: Evening Dress Page" time="0"/>
  <testcase name="Then user Click On More Button and Navigate to Printed dress page" classname="Scenario: Evening Dress Page" time="0.012"/>
  <testcase name="Scenario: Evening Dress Page" classname="Scenario: Evening Dress Page" time="0.012"/>
  <testcase name="When user Enter a Quantity Value" classname="Scenario: Printed Dress Page" time="0"/>
  <testcase name="And user Select a &quot;2&quot;" classname="Scenario: Printed Dress Page" time="0"/>
  <testcase name="And user Change the Color Item" classname="Scenario: Printed Dress Page" time="0"/>
  <testcase name="Then user Click Add to Card Button and Click to Proceed to checkout Button" classname="Scenario: Printed Dress Page" time="0"/>
  <testcase name="Scenario: Printed Dress Page" classname="Scenario: Printed Dress Page" time="0"/>
  <testcase name="Then user Click to Proceed to checkout Button" classname="Scenario: Summary Page" time="0"/>
  <testcase name="Scenario: Summary Page" classname="Scenario: Summary Page" time="0.002"/>
  <testcase name="When user Enter a &quot;ram@123gmail.com&quot; in Username Field" classname="| ram@123gmail.com | sprksram123 |" time="0"/>
  <testcase name="And user Enter a &quot;sprksram123&quot; in Password Field" classname="| ram@123gmail.com | sprksram123 |" time="0"/>
  <testcase name="Then user Click to Sign in Button and Navigate to Order Page" classname="| ram@123gmail.com | sprksram123 |" time="0"/>
  <testcase name="| ram@123gmail.com | sprksram123 |" classname="| ram@123gmail.com | sprksram123 |" time="0"/>
  <testcase name="When user Enter a Commends" classname="Scenario: Address Page" time="0.001"/>
  <testcase name="Then user Click Proceed to checkout Button" classname="Scenario: Address Page" time="0"/>
  <testcase name="Scenario: Address Page" classname="Scenario: Address Page" time="0"/>
  <testcase name="When user Click a checkbox" classname="Scenario: Shipping Page" time="0"/>
  <testcase name="Then user Click a Proceed to checkout Button" classname="Scenario: Shipping Page" time="0"/>
  <testcase name="Scenario: Shipping Page" classname="Scenario: Shipping Page" time="0"/>
  <testcase name="When user Click a Pay by bank wire Button" classname="Scenario: Payment Page" time="0"/>
  <testcase name="Then user Click to I confirm to my order Button" classname="Scenario: Payment Page" time="0"/>
  <testcase name="Scenario: Payment Page" classname="Scenario: Payment Page" time="0.011"/>
</testsuite>